<?xml version="1.0" encoding="UTF-8"?>
<testng-results ignored="0" total="1" passed="1" failed="0" skipped="0">
  <reporter-output>
  </reporter-output>
  <suite started-at="2019-02-07T20:39:14Z" name="Default suite" finished-at="2019-02-07T20:39:17Z" duration-ms="3434">
    <groups>
    </groups>
    <test started-at="2019-02-07T20:39:14Z" name="Default test" finished-at="2019-02-07T20:39:17Z" duration-ms="3434">
      <class name="abc.ImageComparison">
        <test-method is-config="true" signature="setUp()[pri:0, instance:abc.ImageComparison@6e509ffa]" started-at="2019-02-07T20:39:08Z" name="setUp" finished-at="2019-02-07T20:39:14Z" duration-ms="5266" status="PASS">
          <reporter-output>
          </reporter-output>
        </test-method> <!-- setUp -->
        <test-method signature="testImageComparison()[pri:0, instance:abc.ImageComparison@6e509ffa]" started-at="2019-02-07T20:39:14Z" name="testImageComparison" finished-at="2019-02-07T20:39:17Z" duration-ms="3417" status="PASS">
          <reporter-output>
          </reporter-output>
        </test-method> <!-- testImageComparison -->
        <test-method is-config="true" signature="tearDown()[pri:0, instance:abc.ImageComparison@6e509ffa]" started-at="2019-02-07T20:39:17Z" name="tearDown" finished-at="2019-02-07T20:39:18Z" duration-ms="1175" status="PASS">
          <reporter-output>
          </reporter-output>
        </test-method> <!-- tearDown -->
      </class> <!-- abc.ImageComparison -->
    </test> <!-- Default test -->
  </suite> <!-- Default suite -->
</testng-results>
